<?xml version="1.0" encoding="UTF-8"?>
<testng-results ignored="0" total="1" passed="1" failed="0" skipped="0">
  <reporter-output>
  </reporter-output>
  <suite started-at="2023-06-18T14:23:04 EDT" name="Default suite" finished-at="2023-06-18T14:23:10 EDT" duration-ms="6234">
    <groups>
    </groups>
    <test started-at="2023-06-18T14:23:04 EDT" name="Default test" finished-at="2023-06-18T14:23:10 EDT" duration-ms="6234">
      <class name="com.generic.OnlineBanking">
        <test-method signature="getLogin()[pri:0, instance:com.generic.OnlineBanking@58d75e99]" started-at="2023-06-18T14:23:04 EDT" name="getLogin" finished-at="2023-06-18T14:23:10 EDT" duration-ms="6145" status="PASS">
          <reporter-output>
          </reporter-output>
        </test-method> <!-- getLogin -->
      </class> <!-- com.generic.OnlineBanking -->
    </test> <!-- Default test -->
  </suite> <!-- Default suite -->
</testng-results>
